<?xml version="1.0" encoding="UTF-8"?>
<!-- Generated by org.testng.reporters.JUnitReportReporter -->
<testsuite hostname="LAPTOP-F6TLEKKO" failures="0" tests="1" name="com.docker.app.AppTest" time="29.096" errors="0" timestamp="2022-03-22T16:38:54 EDT" skipped="0">
  <testcase classname="com.docker.app.AppTest" name="shouldAnswerWithTrue" time="29.096"/>
  <system-out/>
</testsuite> <!-- com.docker.app.AppTest -->
