<?xml version="1.0" encoding="UTF-8"?>
<!-- Generated by org.testng.reporters.JUnitReportReporter -->
<testsuite hostname="LAPTOP-F6TLEKKO" failures="0" tests="2" name="com.docker.app.SmokeTest" time="47.364" errors="0" timestamp="2022-03-22T19:19:02 EDT" skipped="0">
  <testcase classname="com.docker.app.SmokeTest" name="googleTest" time="24.287"/>
  <system-out/>
  <testcase classname="com.docker.app.SmokeTest" name="verifyResturants" time="23.077"/>
  <system-out/>
</testsuite> <!-- com.docker.app.SmokeTest -->
